# JRE version: OpenJDK Runtime Environment (21.0.6) (build 21.0.6+-13391695-b895.109)
# Java VM: OpenJDK 64-Bit Server VM (21.0.6+-13391695-b895.109, mixed mode, tiered, compressed oops, compressed class ptrs, g1 gc, windows-amd64)
GC Precious Log:
 CardTable entry size: 512
 Card Set container configuration: InlinePtr #cards 5 size 8 Array Of Cards #cards 12 size 40 Howl #buckets 4 coarsen threshold 1843 Howl Bitmap #cards 512 size 80 coarsen threshold 460 Card regions per heap region 1 cards per card region 2048
 CPUs: 8 total, 8 available
 Memory: 5877M
 Large Page Support: Disabled
 NUMA Support: Disabled
 Compressed Oops: Enabled (32-bit)
 Heap Region Size: 1M
 Heap Min Capacity: 8M
 Heap Initial Capacity: 92M
 Heap Max Capacity: 2G
 Pre-touch: Disabled
 Parallel Workers: 8
 Concurrent Workers: 2
 Concurrent Refinement Workers: 8
 Periodic GC: Disabled
Heap:
 garbage-first heap   total 411648K, used 234278K [0x0000000080000000, 0x0000000100000000)
  region size 1024K, 4 young (4096K), 4 survivors (4096K)
 Metaspace       used 135674K, committed 137920K, reserved 1179648K
  class space    used 18630K, committed 19776K, reserved 1048576K
GC Heap History (20 events):
Event: 27.436 GC heap after
{Heap after GC invocations=59 (full 0):
 garbage-first heap   total 235520K, used 148820K [0x0000000080000000, 0x0000000100000000)
  region size 1024K, 7 young (7168K), 7 survivors (7168K)
 Metaspace       used 125562K, committed 127680K, reserved 1179648K
  class space    used 17279K, committed 18368K, reserved 1048576K
}
Event: 27.870 GC heap before
{Heap before GC invocations=59 (full 0):
 garbage-first heap   total 235520K, used 210260K [0x0000000080000000, 0x0000000100000000)
  region size 1024K, 68 young (69632K), 7 survivors (7168K)
 Metaspace       used 129811K, committed 132032K, reserved 1179648K
  class space    used 17981K, committed 19136K, reserved 1048576K
}
Event: 27.879 GC heap after
{Heap after GC invocations=60 (full 0):
 garbage-first heap   total 235520K, used 153347K [0x0000000080000000, 0x0000000100000000)
  region size 1024K, 5 young (5120K), 5 survivors (5120K)
 Metaspace       used 129811K, committed 132032K, reserved 1179648K
  class space    used 17981K, committed 19136K, reserved 1048576K
}
Event: 28.144 GC heap before
{Heap before GC invocations=60 (full 0):
 garbage-first heap   total 235520K, used 212739K [0x0000000080000000, 0x0000000100000000)
  region size 1024K, 64 young (65536K), 5 survivors (5120K)
 Metaspace       used 131021K, committed 133184K, reserved 1179648K
  class space    used 18076K, committed 19200K, reserved 1048576K
}
Event: 28.150 GC heap after
{Heap after GC invocations=61 (full 0):
 garbage-first heap   total 235520K, used 153580K [0x0000000080000000, 0x0000000100000000)
  region size 1024K, 5 young (5120K), 5 survivors (5120K)
 Metaspace       used 131021K, committed 133184K, reserved 1179648K
  class space    used 18076K, committed 19200K, reserved 1048576K
}
Event: 28.492 GC heap before
{Heap before GC invocations=61 (full 0):
 garbage-first heap   total 235520K, used 215020K [0x0000000080000000, 0x0000000100000000)
  region size 1024K, 67 young (68608K), 5 survivors (5120K)
 Metaspace       used 132801K, committed 134976K, reserved 1179648K
  class space    used 18348K, committed 19456K, reserved 1048576K
}
Event: 28.499 GC heap after
{Heap after GC invocations=62 (full 0):
 garbage-first heap   total 411648K, used 153859K [0x0000000080000000, 0x0000000100000000)
  region size 1024K, 5 young (5120K), 5 survivors (5120K)
 Metaspace       used 132801K, committed 134976K, reserved 1179648K
  class space    used 18348K, committed 19456K, reserved 1048576K
}
Event: 29.646 GC heap before
{Heap before GC invocations=63 (full 0):
 garbage-first heap   total 411648K, used 383235K [0x0000000080000000, 0x0000000100000000)
  region size 1024K, 230 young (235520K), 5 survivors (5120K)
 Metaspace       used 133391K, committed 135616K, reserved 1179648K
  class space    used 18398K, committed 19520K, reserved 1048576K
}
Event: 29.703 GC heap after
{Heap after GC invocations=64 (full 0):
 garbage-first heap   total 411648K, used 171503K [0x0000000080000000, 0x0000000100000000)
  region size 1024K, 22 young (22528K), 22 survivors (22528K)
 Metaspace       used 133391K, committed 135616K, reserved 1179648K
  class space    used 18398K, committed 19520K, reserved 1048576K
}
Event: 30.207 GC heap before
{Heap before GC invocations=64 (full 0):
 garbage-first heap   total 411648K, used 352751K [0x0000000080000000, 0x0000000100000000)
  region size 1024K, 200 young (204800K), 22 survivors (22528K)
 Metaspace       used 133975K, committed 136128K, reserved 1179648K
  class space    used 18484K, committed 19584K, reserved 1048576K
}
Event: 30.394 GC heap after
{Heap after GC invocations=65 (full 0):
 garbage-first heap   total 411648K, used 182679K [0x0000000080000000, 0x0000000100000000)
  region size 1024K, 15 young (15360K), 15 survivors (15360K)
 Metaspace       used 133975K, committed 136128K, reserved 1179648K
  class space    used 18484K, committed 19584K, reserved 1048576K
}
Event: 31.093 GC heap before
{Heap before GC invocations=65 (full 0):
 garbage-first heap   total 411648K, used 362903K [0x0000000080000000, 0x0000000100000000)
  region size 1024K, 191 young (195584K), 15 survivors (15360K)
 Metaspace       used 134659K, committed 136832K, reserved 1179648K
  class space    used 18548K, committed 19648K, reserved 1048576K
}
Event: 31.110 GC heap after
{Heap after GC invocations=66 (full 0):
 garbage-first heap   total 411648K, used 194914K [0x0000000080000000, 0x0000000100000000)
  region size 1024K, 14 young (14336K), 14 survivors (14336K)
 Metaspace       used 134659K, committed 136832K, reserved 1179648K
  class space    used 18548K, committed 19648K, reserved 1048576K
}
Event: 31.806 GC heap before
{Heap before GC invocations=66 (full 0):
 garbage-first heap   total 411648K, used 371042K [0x0000000080000000, 0x0000000100000000)
  region size 1024K, 186 young (190464K), 14 survivors (14336K)
 Metaspace       used 135025K, committed 137216K, reserved 1179648K
  class space    used 18573K, committed 19712K, reserved 1048576K
}
Event: 31.821 GC heap after
{Heap after GC invocations=67 (full 0):
 garbage-first heap   total 411648K, used 200971K [0x0000000080000000, 0x0000000100000000)
  region size 1024K, 7 young (7168K), 7 survivors (7168K)
 Metaspace       used 135025K, committed 137216K, reserved 1179648K
  class space    used 18573K, committed 19712K, reserved 1048576K
}
Event: 32.893 GC heap before
{Heap before GC invocations=67 (full 0):
 garbage-first heap   total 411648K, used 376075K [0x0000000080000000, 0x0000000100000000)
  region size 1024K, 179 young (183296K), 7 survivors (7168K)
 Metaspace       used 135392K, committed 137600K, reserved 1179648K
  class space    used 18606K, committed 19712K, reserved 1048576K
}
Event: 32.912 GC heap after
{Heap after GC invocations=68 (full 0):
 garbage-first heap   total 411648K, used 216780K [0x0000000080000000, 0x0000000100000000)
  region size 1024K, 23 young (23552K), 23 survivors (23552K)
 Metaspace       used 135392K, committed 137600K, reserved 1179648K
  class space    used 18606K, committed 19712K, reserved 1048576K
}
Event: 33.131 GC heap before
{Heap before GC invocations=69 (full 0):
 garbage-first heap   total 411648K, used 364236K [0x0000000080000000, 0x0000000100000000)
  region size 1024K, 168 young (172032K), 23 survivors (23552K)
 Metaspace       used 135529K, committed 137728K, reserved 1179648K
  class space    used 18612K, committed 19712K, reserved 1048576K
}
Event: 33.154 GC heap after
{Heap after GC invocations=70 (full 0):
 garbage-first heap   total 411648K, used 234647K [0x0000000080000000, 0x0000000100000000)
  region size 1024K, 18 young (18432K), 18 survivors (18432K)
 Metaspace       used 135529K, committed 137728K, reserved 1179648K
  class space    used 18612K, committed 19712K, reserved 1048576K
}
Event: 33.369 GC heap before
{Heap before GC invocations=70 (full 0):
 garbage-first heap   total 411648K, used 369815K [0x0000000080000000, 0x0000000100000000)
  region size 1024K, 151 young (154624K), 18 survivors (18432K)
 Metaspace       used 135674K, committed 137920K, reserved 1179648K
  class space    used 18630K, committed 19776K, reserved 1048576K
}

